<?xml version="1.0" encoding="UTF-8"?>
<robot generator="Robot 5.0 (Python 3.10.4 on win32)" generated="20230218 18:55:17.213" rpa="false" schemaversion="3">
<suite id="s1" name="Search" source="C:\Users\ganjar.utomo\Desktop\tokopedia_search\search.robot">
<test id="s1-t1" name="Search" line="13">
<kw name="Open Browser" library="SeleniumLibrary">
<arg>${url}</arg>
<arg>${browser}</arg>
<doc>Opens a new browser instance to the optional ``url``.</doc>
<msg timestamp="20230218 18:55:17.411" level="INFO">Opening browser 'chrome' to base url 'https://www.tokopedia.com'.</msg>
<status status="PASS" starttime="20230218 18:55:17.410" endtime="20230218 18:55:20.920"/>
</kw>
<kw name="Maximize Browser Window" library="SeleniumLibrary">
<doc>Maximizes current browser window.</doc>
<status status="PASS" starttime="20230218 18:55:20.921" endtime="20230218 18:55:21.054"/>
</kw>
<kw name="Wait Until Page Contains Element" library="SeleniumLibrary">
<arg>${logo}</arg>
<doc>Waits until the element ``locator`` appears on the current page.</doc>
<status status="PASS" starttime="20230218 18:55:21.055" endtime="20230218 18:55:21.072"/>
</kw>
<kw name="Title Should Be" library="SeleniumLibrary">
<arg>Situs Jual Beli Online Terlengkap, Mudah &amp; Aman | Tokopedia</arg>
<arg>// 1st assertion</arg>
<doc>Verifies that the current page title equals ``title``.</doc>
<msg timestamp="20230218 18:55:21.081" level="INFO">Page title is 'Situs Jual Beli Online Terlengkap, Mudah &amp; Aman | Tokopedia'.</msg>
<status status="PASS" starttime="20230218 18:55:21.073" endtime="20230218 18:55:21.081"/>
</kw>
<kw name="Wait Until Page Contains Element" library="SeleniumLibrary">
<arg>${search}</arg>
<doc>Waits until the element ``locator`` appears on the current page.</doc>
<status status="PASS" starttime="20230218 18:55:21.082" endtime="20230218 18:55:21.095"/>
</kw>
<kw name="Click Element" library="SeleniumLibrary">
<arg>${search}</arg>
<doc>Click the element identified by ``locator``.</doc>
<msg timestamp="20230218 18:55:21.096" level="INFO">Clicking element 'xpath://input[@type='search']'.</msg>
<status status="PASS" starttime="20230218 18:55:21.095" endtime="20230218 18:55:21.205"/>
</kw>
<kw name="Input Text" library="SeleniumLibrary">
<arg>${search}</arg>
<arg>laptop asus</arg>
<doc>Types the given ``text`` into the text field identified by ``locator``.</doc>
<msg timestamp="20230218 18:55:21.206" level="INFO">Typing text 'laptop asus' into text field 'xpath://input[@type='search']'.</msg>
<status status="PASS" starttime="20230218 18:55:21.206" endtime="20230218 18:55:21.304"/>
</kw>
<kw name="Press Keys" library="SeleniumLibrary">
<arg>${search}</arg>
<arg>ENTER</arg>
<doc>Simulates the user pressing key(s) to an element or on the active browser.</doc>
<msg timestamp="20230218 18:55:21.305" level="INFO">Sending key(s) ('ENTER',) to xpath://input[@type='search'] element.</msg>
<msg timestamp="20230218 18:55:21.622" level="INFO">Pressing special key ENTER to element.</msg>
<msg timestamp="20230218 18:55:21.622" level="INFO">Releasing special key ENTER.</msg>
<status status="PASS" starttime="20230218 18:55:21.305" endtime="20230218 18:55:21.751"/>
</kw>
<kw name="Wait Until Page Contains Element" library="SeleniumLibrary">
<arg>${result}</arg>
<doc>Waits until the element ``locator`` appears on the current page.</doc>
<status status="PASS" starttime="20230218 18:55:21.752" endtime="20230218 18:55:22.665"/>
</kw>
<kw name="Element Should Contain" library="SeleniumLibrary">
<arg>${result}</arg>
<arg>laptop asus</arg>
<arg>// 2nd assertion</arg>
<doc>Verifies that element ``locator`` contains text ``expected``.</doc>
<msg timestamp="20230218 18:55:22.688" level="INFO">Element 'xpath://div[@data-testid='dSRPSearchInfo']' contains text 'laptop asus'.</msg>
<status status="PASS" starttime="20230218 18:55:22.666" endtime="20230218 18:55:22.688"/>
</kw>
<kw name="Title Should Be" library="SeleniumLibrary">
<arg>Jual laptop asus | Tokopedia</arg>
<arg>// 3rd assertion</arg>
<doc>Verifies that the current page title equals ``title``.</doc>
<msg timestamp="20230218 18:55:22.693" level="INFO">Page title is 'Jual laptop asus | Tokopedia'.</msg>
<status status="PASS" starttime="20230218 18:55:22.688" endtime="20230218 18:55:22.693"/>
</kw>
<kw name="Wait Until Page Contains Element" library="SeleniumLibrary">
<arg>${product}</arg>
<doc>Waits until the element ``locator`` appears on the current page.</doc>
<status status="PASS" starttime="20230218 18:55:22.694" endtime="20230218 18:55:22.706"/>
</kw>
<kw name="Click Element" library="SeleniumLibrary">
<arg>${product}</arg>
<doc>Click the element identified by ``locator``.</doc>
<msg timestamp="20230218 18:55:22.707" level="INFO">Clicking element 'xpath://div[@data-testid='CPMProductItem'][1]'.</msg>
<status status="PASS" starttime="20230218 18:55:22.707" endtime="20230218 18:55:22.857"/>
</kw>
<kw name="Capture Page Screenshot" library="SeleniumLibrary">
<doc>Takes a screenshot of the current page and embeds it into a log file.</doc>
<msg timestamp="20230218 18:55:23.007" level="INFO" html="true">&lt;/td&gt;&lt;/tr&gt;&lt;tr&gt;&lt;td colspan="3"&gt;&lt;a href="selenium-screenshot-3.png"&gt;&lt;img src="selenium-screenshot-3.png" width="800px"&gt;&lt;/a&gt;</msg>
<status status="PASS" starttime="20230218 18:55:22.858" endtime="20230218 18:55:23.008"/>
</kw>
<kw name="Close Browser" library="SeleniumLibrary">
<doc>Closes the current browser.</doc>
<status status="PASS" starttime="20230218 18:55:23.008" endtime="20230218 18:55:25.147"/>
</kw>
<status status="PASS" starttime="20230218 18:55:17.409" endtime="20230218 18:55:25.147"/>
</test>
<status status="PASS" starttime="20230218 18:55:17.215" endtime="20230218 18:55:25.150"/>
</suite>
<statistics>
<total>
<stat pass="1" fail="0" skip="0">All Tests</stat>
</total>
<tag>
</tag>
<suite>
<stat pass="1" fail="0" skip="0" id="s1" name="Search">Search</stat>
</suite>
</statistics>
<errors>
</errors>
</robot>
